  tasksForExam.cpp
C:\Users\danie\source\repos\FMI-Data-structures-and-algorithms\secondWeek\secondWeek\tasksForExam.cpp(59,19): warning C4267: '=': conversion from 'size_t' to '_Ty1', possible loss of data
          with
          [
              _Ty1=int
          ]
C:\Users\danie\source\repos\FMI-Data-structures-and-algorithms\secondWeek\secondWeek\tasksForExam.cpp(108,33): warning C4267: 'argument': conversion from 'size_t' to 'int', possible loss of data
C:\Program Files\Microsoft Visual Studio\2022\Community\VC\Tools\MSVC\14.36.32532\include\utility(247,54): warning C4267: 'initializing': conversion from 'size_t' to '_Ty2', possible loss of data
          with
          [
              _Ty2=int
          ]
C:\Users\danie\source\repos\FMI-Data-structures-and-algorithms\secondWeek\secondWeek\tasksForExam.cpp(52,18): message : see reference to function template instantiation 'std::pair<int,int>::pair<int&,size_t&,0>(_Other1,_Other2) noexcept' being compiled
          with
          [
              _Other1=int &,
              _Other2=size_t &
          ]
C:\Users\danie\source\repos\FMI-Data-structures-and-algorithms\secondWeek\secondWeek\tasksForExam.cpp(52,17): message : see the first reference to 'std::pair<int,int>::pair' in 'queueNumbers'
  secondWeek.vcxproj -> C:\Users\danie\source\repos\FMI-Data-structures-and-algorithms\secondWeek\x64\Debug\secondWeek.exe
