  positionsWithKSum.cpp
C:\Program Files\Microsoft Visual Studio\2022\Community\VC\Tools\MSVC\14.36.32532\include\utility(247,16): warning C4267: 'initializing': conversion from 'size_t' to '_Ty1', possible loss of data
          with
          [
              _Ty1=int
          ]
C:\Users\danie\source\repos\FMI-Data-structures-and-algorithms\seventhHomework\seventhHomework\positionsWithKSum.cpp(33,4): message : see reference to function template instantiation 'std::pair<int,int>::pair<size_t,int,0>(_Other1 &&,_Other2 &&) noexcept' being compiled
          with
          [
              _Other1=size_t,
              _Other2=int
          ]
C:\Users\danie\source\repos\FMI-Data-structures-and-algorithms\seventhHomework\seventhHomework\positionsWithKSum.cpp(33,4): message : see the first reference to 'std::pair<int,int>::pair' in 'validCardboardIndeces'
C:\Program Files\Microsoft Visual Studio\2022\Community\VC\Tools\MSVC\14.36.32532\include\utility(247,54): warning C4267: 'initializing': conversion from 'size_t' to '_Ty2', possible loss of data
          with
          [
              _Ty2=int
          ]
C:\Users\danie\source\repos\FMI-Data-structures-and-algorithms\seventhHomework\seventhHomework\positionsWithKSum.cpp(35,21): message : see reference to function template instantiation 'std::pair<const int,int>::pair<int&,size_t&,0>(_Other1,_Other2) noexcept' being compiled
          with
          [
              _Other1=int &,
              _Other2=size_t &
          ]
C:\Users\danie\source\repos\FMI-Data-structures-and-algorithms\seventhHomework\seventhHomework\positionsWithKSum.cpp(35,20): message : see the first reference to 'std::pair<const int,int>::pair' in 'validCardboardIndeces'
  seventhHomework.cpp
  Generating Code...
  seventhHomework.vcxproj -> C:\Users\danie\source\repos\FMI-Data-structures-and-algorithms\seventhHomework\x64\Debug\seventhHomework.exe
